0 info it worked if it ends with ok
1 verbose cli [ 'f:\\Programme\\NodeJS\\node.exe',
1 verbose cli   'f:\\Programme\\NodeJS\\node_modules\\npm\\bin\\npm-cli.js',
1 verbose cli   'install',
1 verbose cli   '-g',
1 verbose cli   'bignum' ]
2 info using npm@2.5.1
3 info using node@v0.12.1
4 silly cache add args [ 'bignum', null ]
5 verbose cache add spec bignum
6 silly cache add parsed spec { raw: 'bignum',
6 silly cache add   scope: null,
6 silly cache add   name: 'bignum',
6 silly cache add   rawSpec: '',
6 silly cache add   spec: '*',
6 silly cache add   type: 'range' }
7 verbose addNamed bignum@*
8 silly addNamed semver.valid null
9 silly addNamed semver.validRange *
10 silly addNameRange { name: 'bignum', range: '*', hasData: false }
11 silly mapToRegistry name bignum
12 silly mapToRegistry using default registry
13 silly mapToRegistry registry https://registry.npmjs.org/
14 silly mapToRegistry uri https://registry.npmjs.org/bignum
15 verbose addNameRange registry:https://registry.npmjs.org/bignum not in flight; fetching
16 verbose request uri https://registry.npmjs.org/bignum
17 verbose request no auth needed
18 info attempt registry request try #1 at 13:09:08
19 verbose request id e96cb70d3c66a98a
20 verbose etag "4LK0LN2TIOQ01WM4KH6PRF6TZ"
21 http request GET https://registry.npmjs.org/bignum
22 http 304 https://registry.npmjs.org/bignum
23 silly get cb [ 304,
23 silly get   { date: 'Mon, 30 Mar 2015 11:09:08 GMT',
23 silly get     server: 'Apache',
23 silly get     via: '1.1 varnish',
23 silly get     'last-modified': 'Mon, 30 Mar 2015 11:09:09 GMT',
23 silly get     'cache-control': 'max-age=60',
23 silly get     etag: '"4LK0LN2TIOQ01WM4KH6PRF6TZ"',
23 silly get     age: '0',
23 silly get     'x-served-by': 'cache-fra1231-FRA',
23 silly get     'x-cache': 'HIT',
23 silly get     'x-cache-hits': '1',
23 silly get     'x-timer': 'S1427713748.938215,VS0,VE178',
23 silly get     vary: 'Accept',
23 silly get     'content-length': '0',
23 silly get     'keep-alive': 'timeout=10, max=50',
23 silly get     connection: 'Keep-Alive' } ]
24 verbose etag https://registry.npmjs.org/bignum from cache
25 verbose get saving bignum to C:\Users\Enthusiasmus\AppData\Roaming\npm-cache\registry.npmjs.org\bignum\.cache.json
26 silly addNameRange number 2 { name: 'bignum', range: '*', hasData: true }
27 silly addNameRange versions [ 'bignum',
27 silly addNameRange   [ '0.4.0',
27 silly addNameRange     '0.4.1',
27 silly addNameRange     '0.5.0',
27 silly addNameRange     '0.5.1',
27 silly addNameRange     '0.5.2',
27 silly addNameRange     '0.5.3',
27 silly addNameRange     '0.5.4',
27 silly addNameRange     '0.6.0',
27 silly addNameRange     '0.6.1',
27 silly addNameRange     '0.6.2',
27 silly addNameRange     '0.7.0',
27 silly addNameRange     '0.8.0',
27 silly addNameRange     '0.9.0',
27 silly addNameRange     '0.9.1',
27 silly addNameRange     '0.9.2' ] ]
28 verbose addNamed bignum@0.9.2
29 silly addNamed semver.valid 0.9.2
30 silly addNamed semver.validRange 0.9.2
31 silly cache afterAdd bignum@0.9.2
32 verbose afterAdd C:\Users\Enthusiasmus\AppData\Roaming\npm-cache\bignum\0.9.2\package\package.json not in flight; writing
33 verbose afterAdd C:\Users\Enthusiasmus\AppData\Roaming\npm-cache\bignum\0.9.2\package\package.json written
34 silly install resolved [ { name: 'bignum',
34 silly install resolved     version: '0.9.2',
34 silly install resolved     description: 'Arbitrary-precision integer arithmetic using OpenSSL',
34 silly install resolved     main: './index.js',
34 silly install resolved     repository:
34 silly install resolved      { type: 'git',
34 silly install resolved        url: 'http://github.com/justmoon/node-bignum.git' },
34 silly install resolved     keywords:
34 silly install resolved      [ 'openssl',
34 silly install resolved        'big',
34 silly install resolved        'bignum',
34 silly install resolved        'bigint',
34 silly install resolved        'integer',
34 silly install resolved        'arithmetic',
34 silly install resolved        'precision' ],
34 silly install resolved     author:
34 silly install resolved      { name: 'Stefan Thomas',
34 silly install resolved        email: 'justmoon@members.fsf.org',
34 silly install resolved        url: 'http://www.justmoon.net' },
34 silly install resolved     dependencies: { nan: '~1.6.2' },
34 silly install resolved     devDependencies: { expresso: '>=0.6.0', binary: '>=0.1.7', put: '>=0.0.5' },
34 silly install resolved     license: 'MIT/X11',
34 silly install resolved     engine: { node: '>=0.8.0' },
34 silly install resolved     scripts: { install: 'node-gyp configure build', test: 'expresso' },
34 silly install resolved     contributors: [ [Object] ],
34 silly install resolved     gitHead: '323be150c8673695c000acf6b241b92aa2a5d446',
34 silly install resolved     bugs: { url: 'https://github.com/justmoon/node-bignum/issues' },
34 silly install resolved     homepage: 'https://github.com/justmoon/node-bignum',
34 silly install resolved     _id: 'bignum@0.9.2',
34 silly install resolved     _shasum: '8c04ec32b93c1a57e4c975fa6f5b961d3cd535fa',
34 silly install resolved     _from: 'bignum@*',
34 silly install resolved     _npmVersion: '2.5.1',
34 silly install resolved     _nodeVersion: '0.12.0',
34 silly install resolved     _npmUser: { name: 'rvagg', email: 'rod@vagg.org' },
34 silly install resolved     maintainers: [ [Object], [Object], [Object] ],
34 silly install resolved     dist:
34 silly install resolved      { shasum: '8c04ec32b93c1a57e4c975fa6f5b961d3cd535fa',
34 silly install resolved        tarball: 'http://registry.npmjs.org/bignum/-/bignum-0.9.2.tgz' },
34 silly install resolved     directories: {},
34 silly install resolved     _resolved: 'https://registry.npmjs.org/bignum/-/bignum-0.9.2.tgz',
34 silly install resolved     readme: 'ERROR: No README data found!' } ]
35 info install bignum@0.9.2 into C:\Users\Enthusiasmus\AppData\Roaming\npm
36 info installOne bignum@0.9.2
37 verbose installOne of bignum to C:\Users\Enthusiasmus\AppData\Roaming\npm not in flight; installing
38 verbose lock using C:\Users\Enthusiasmus\AppData\Roaming\npm-cache\_locks\bignum-b24138ecc6c444ea.lock for C:\Users\Enthusiasmus\AppData\Roaming\npm\node_modules\bignum
39 silly install write writing bignum 0.9.2 to C:\Users\Enthusiasmus\AppData\Roaming\npm\node_modules\bignum
40 silly cache addNamed cb bignum@0.9.2
41 verbose unbuild node_modules\bignum
42 verbose gentlyRm vacuuming C:\Users\Enthusiasmus\AppData\Roaming\npm\node_modules\bignum
43 verbose tar unpack C:\Users\Enthusiasmus\AppData\Roaming\npm-cache\bignum\0.9.2\package.tgz
44 verbose tar unpacking to C:\Users\Enthusiasmus\AppData\Roaming\npm\node_modules\bignum
45 verbose gentlyRm vacuuming C:\Users\Enthusiasmus\AppData\Roaming\npm\node_modules\bignum
46 silly gunzTarPerm modes [ '777', '666' ]
47 silly gunzTarPerm extractEntry package.json
48 silly gunzTarPerm modified mode [ 'package.json', 436, 438 ]
49 silly gunzTarPerm extractEntry .npmignore
50 silly gunzTarPerm modified mode [ '.npmignore', 420, 438 ]
51 silly gunzTarPerm extractEntry index.js
52 silly gunzTarPerm modified mode [ 'index.js', 420, 438 ]
53 silly gunzTarPerm extractEntry binding.gyp
54 silly gunzTarPerm modified mode [ 'binding.gyp', 420, 438 ]
55 silly gunzTarPerm extractEntry README.markdown
56 silly gunzTarPerm modified mode [ 'README.markdown', 420, 438 ]
57 silly gunzTarPerm extractEntry bignum.cc
58 silly gunzTarPerm modified mode [ 'bignum.cc', 420, 438 ]
59 silly gunzTarPerm extractEntry examples/gen.js
60 silly gunzTarPerm modified mode [ 'examples/gen.js', 420, 438 ]
61 silly gunzTarPerm extractEntry examples/perfect.js
62 silly gunzTarPerm modified mode [ 'examples/perfect.js', 420, 438 ]
63 silly gunzTarPerm extractEntry examples/simple.js
64 silly gunzTarPerm modified mode [ 'examples/simple.js', 420, 438 ]
65 silly gunzTarPerm extractEntry .dntrc
66 silly gunzTarPerm modified mode [ '.dntrc', 420, 438 ]
67 silly gunzTarPerm extractEntry .travis.yml
68 silly gunzTarPerm modified mode [ '.travis.yml', 420, 438 ]
69 silly gunzTarPerm extractEntry test/big.js
70 silly gunzTarPerm modified mode [ 'test/big.js', 420, 438 ]
71 silly gunzTarPerm extractEntry test/buf.js
72 silly gunzTarPerm modified mode [ 'test/buf.js', 420, 438 ]
73 silly gunzTarPerm extractEntry test/seed.js
74 silly gunzTarPerm modified mode [ 'test/seed.js', 420, 438 ]
75 silly gunzTarPerm extractEntry test/wincrash.js
76 silly gunzTarPerm modified mode [ 'test/wincrash.js', 420, 438 ]
77 info preinstall bignum@0.9.2
78 silly prepareForInstallMany adding nan@~1.6.2 from bignum dependencies
79 silly cache add args [ 'nan@~1.6.2', null ]
80 verbose cache add spec nan@~1.6.2
81 silly cache add parsed spec { raw: 'nan@~1.6.2',
81 silly cache add   scope: null,
81 silly cache add   name: 'nan',
81 silly cache add   rawSpec: '~1.6.2',
81 silly cache add   spec: '>=1.6.2 <1.7.0',
81 silly cache add   type: 'range' }
82 verbose addNamed nan@>=1.6.2 <1.7.0
83 silly addNamed semver.valid null
84 silly addNamed semver.validRange >=1.6.2 <1.7.0
85 silly addNameRange { name: 'nan', range: '>=1.6.2 <1.7.0', hasData: false }
86 silly mapToRegistry name nan
87 silly mapToRegistry using default registry
88 silly mapToRegistry registry https://registry.npmjs.org/
89 silly mapToRegistry uri https://registry.npmjs.org/nan
90 verbose addNameRange registry:https://registry.npmjs.org/nan not in flight; fetching
91 verbose request uri https://registry.npmjs.org/nan
92 verbose request no auth needed
93 info attempt registry request try #1 at 13:09:09
94 verbose etag "2RVNOBUBIPFCFHXKKPTSTKGB8"
95 http request GET https://registry.npmjs.org/nan
96 http 304 https://registry.npmjs.org/nan
97 silly get cb [ 304,
97 silly get   { date: 'Mon, 30 Mar 2015 11:09:09 GMT',
97 silly get     server: 'Apache',
97 silly get     via: '1.1 varnish',
97 silly get     'last-modified': 'Mon, 30 Mar 2015 11:09:08 GMT',
97 silly get     'cache-control': 'max-age=60',
97 silly get     etag: '"2RVNOBUBIPFCFHXKKPTSTKGB8"',
97 silly get     age: '17',
97 silly get     'x-served-by': 'cache-fra1222-FRA',
97 silly get     'x-cache': 'HIT',
97 silly get     'x-cache-hits': '2',
97 silly get     'x-timer': 'S1427713749.481765,VS0,VE0',
97 silly get     vary: 'Accept',
97 silly get     'content-length': '0',
97 silly get     'keep-alive': 'timeout=10, max=50',
97 silly get     connection: 'Keep-Alive' } ]
98 verbose etag https://registry.npmjs.org/nan from cache
99 verbose get saving nan to C:\Users\Enthusiasmus\AppData\Roaming\npm-cache\registry.npmjs.org\nan\.cache.json
100 silly addNameRange number 2 { name: 'nan', range: '>=1.6.2 <1.7.0', hasData: true }
101 silly addNameRange versions [ 'nan',
101 silly addNameRange   [ '0.3.0-wip',
101 silly addNameRange     '0.3.0-wip2',
101 silly addNameRange     '0.3.0',
101 silly addNameRange     '0.3.1',
101 silly addNameRange     '0.3.2',
101 silly addNameRange     '0.4.0',
101 silly addNameRange     '0.4.1',
101 silly addNameRange     '0.4.2',
101 silly addNameRange     '0.4.3',
101 silly addNameRange     '0.4.4',
101 silly addNameRange     '0.5.0',
101 silly addNameRange     '0.5.1',
101 silly addNameRange     '0.5.2',
101 silly addNameRange     '0.6.0',
101 silly addNameRange     '0.7.0',
101 silly addNameRange     '0.7.1',
101 silly addNameRange     '0.8.0',
101 silly addNameRange     '1.0.0',
101 silly addNameRange     '1.1.0',
101 silly addNameRange     '1.1.1',
101 silly addNameRange     '1.1.2',
101 silly addNameRange     '1.2.0',
101 silly addNameRange     '1.3.0',
101 silly addNameRange     '1.4.0',
101 silly addNameRange     '1.4.1',
101 silly addNameRange     '1.5.0',
101 silly addNameRange     '1.4.2',
101 silly addNameRange     '1.4.3',
101 silly addNameRange     '1.5.1',
101 silly addNameRange     '1.5.2',
101 silly addNameRange     '1.6.0',
101 silly addNameRange     '1.5.3',
101 silly addNameRange     '1.6.1',
101 silly addNameRange     '1.6.2',
101 silly addNameRange     '1.7.0' ] ]
102 verbose addNamed nan@1.6.2
103 silly addNamed semver.valid 1.6.2
104 silly addNamed semver.validRange 1.6.2
105 silly cache afterAdd nan@1.6.2
106 verbose afterAdd C:\Users\Enthusiasmus\AppData\Roaming\npm-cache\nan\1.6.2\package\package.json not in flight; writing
107 verbose afterAdd C:\Users\Enthusiasmus\AppData\Roaming\npm-cache\nan\1.6.2\package\package.json written
108 silly install resolved [ { name: 'nan',
108 silly install resolved     version: '1.6.2',
108 silly install resolved     description: 'Native Abstractions for Node.js: C++ header for Node 0.8->0.12 compatibility',
108 silly install resolved     main: 'include_dirs.js',
108 silly install resolved     repository: { type: 'git', url: 'git://github.com/rvagg/nan.git' },
108 silly install resolved     scripts:
108 silly install resolved      { test: 'tap --gc test/js/*-test.js',
108 silly install resolved        'rebuild-tests': 'pangyp rebuild --directory test' },
108 silly install resolved     contributors:
108 silly install resolved      [ [Object],
108 silly install resolved        [Object],
108 silly install resolved        [Object],
108 silly install resolved        [Object],
108 silly install resolved        [Object],
108 silly install resolved        [Object],
108 silly install resolved        [Object] ],
108 silly install resolved     devDependencies:
108 silly install resolved      { bindings: '~1.2.1',
108 silly install resolved        'node-gyp': '~1.0.2',
108 silly install resolved        pangyp: '~2.0.1',
108 silly install resolved        tap: '~0.5.0',
108 silly install resolved        xtend: '~4.0.0' },
108 silly install resolved     license: 'MIT',
108 silly install resolved     gitHead: 'ab0e5eed8d4aa36111bf8f44cf75644ece327e98',
108 silly install resolved     bugs: { url: 'https://github.com/rvagg/nan/issues' },
108 silly install resolved     homepage: 'https://github.com/rvagg/nan',
108 silly install resolved     _id: 'nan@1.6.2',
108 silly install resolved     _shasum: '2657d1c43b00f1e847e083832285b7d8f5ba8ec8',
108 silly install resolved     _from: 'nan@>=1.6.2 <1.7.0',
108 silly install resolved     _npmVersion: '2.0.0',
108 silly install resolved     _npmUser: { name: 'kkoopa', email: 'bbyholm@abo.fi' },
108 silly install resolved     maintainers: [ [Object], [Object] ],
108 silly install resolved     dist:
108 silly install resolved      { shasum: '2657d1c43b00f1e847e083832285b7d8f5ba8ec8',
108 silly install resolved        tarball: 'http://registry.npmjs.org/nan/-/nan-1.6.2.tgz' },
108 silly install resolved     directories: {},
108 silly install resolved     _resolved: 'https://registry.npmjs.org/nan/-/nan-1.6.2.tgz',
108 silly install resolved     readme: 'ERROR: No README data found!' } ]
109 info install nan@1.6.2 into C:\Users\Enthusiasmus\AppData\Roaming\npm\node_modules\bignum
110 info installOne nan@1.6.2
111 verbose installOne of nan to C:\Users\Enthusiasmus\AppData\Roaming\npm\node_modules\bignum not in flight; installing
112 verbose lock using C:\Users\Enthusiasmus\AppData\Roaming\npm-cache\_locks\nan-520f5086e236b667.lock for C:\Users\Enthusiasmus\AppData\Roaming\npm\node_modules\bignum\node_modules\nan
113 silly install write writing nan 1.6.2 to C:\Users\Enthusiasmus\AppData\Roaming\npm\node_modules\bignum\node_modules\nan
114 silly cache addNamed cb nan@1.6.2
115 verbose unbuild node_modules\bignum\node_modules\nan
116 verbose gentlyRm vacuuming C:\Users\Enthusiasmus\AppData\Roaming\npm\node_modules\bignum\node_modules\nan
117 verbose tar unpack C:\Users\Enthusiasmus\AppData\Roaming\npm-cache\nan\1.6.2\package.tgz
118 verbose tar unpacking to C:\Users\Enthusiasmus\AppData\Roaming\npm\node_modules\bignum\node_modules\nan
119 verbose gentlyRm vacuuming C:\Users\Enthusiasmus\AppData\Roaming\npm\node_modules\bignum\node_modules\nan
120 silly gunzTarPerm modes [ '777', '666' ]
121 silly gunzTarPerm extractEntry package.json
122 silly gunzTarPerm modified mode [ 'package.json', 436, 438 ]
123 silly gunzTarPerm extractEntry include_dirs.js
124 silly gunzTarPerm modified mode [ 'include_dirs.js', 436, 438 ]
125 silly gunzTarPerm extractEntry LICENSE.md
126 silly gunzTarPerm modified mode [ 'LICENSE.md', 436, 438 ]
127 silly gunzTarPerm extractEntry .dntrc
128 silly gunzTarPerm modified mode [ '.dntrc', 436, 438 ]
129 silly gunzTarPerm extractEntry appveyor.yml
130 silly gunzTarPerm modified mode [ 'appveyor.yml', 436, 438 ]
131 silly gunzTarPerm extractEntry nan.h
132 silly gunzTarPerm modified mode [ 'nan.h', 436, 438 ]
133 silly gunzTarPerm extractEntry nan_implementation_12_inl.h
134 silly gunzTarPerm modified mode [ 'nan_implementation_12_inl.h', 436, 438 ]
135 silly gunzTarPerm extractEntry nan_implementation_pre_12_inl.h
136 silly gunzTarPerm modified mode [ 'nan_implementation_pre_12_inl.h', 436, 438 ]
137 silly gunzTarPerm extractEntry nan_new.h
138 silly gunzTarPerm modified mode [ 'nan_new.h', 436, 438 ]
139 silly gunzTarPerm extractEntry nan_string_bytes.h
140 silly gunzTarPerm modified mode [ 'nan_string_bytes.h', 436, 438 ]
141 silly gunzTarPerm extractEntry CHANGELOG.md
142 silly gunzTarPerm modified mode [ 'CHANGELOG.md', 436, 438 ]
143 info preinstall nan@1.6.2
144 silly install resolved []
145 verbose about to build C:\Users\Enthusiasmus\AppData\Roaming\npm\node_modules\bignum\node_modules\nan
146 info build C:\Users\Enthusiasmus\AppData\Roaming\npm\node_modules\bignum\node_modules\nan
147 verbose linkStuff [ true,
147 verbose linkStuff   'C:\\Users\\Enthusiasmus\\AppData\\Roaming\\npm\\node_modules',
147 verbose linkStuff   false,
147 verbose linkStuff   'C:\\Users\\Enthusiasmus\\AppData\\Roaming\\npm\\node_modules\\bignum\\node_modules' ]
148 info linkStuff nan@1.6.2
149 verbose linkBins nan@1.6.2
150 verbose linkMans nan@1.6.2
151 verbose rebuildBundles nan@1.6.2
152 info install nan@1.6.2
153 info postinstall nan@1.6.2
154 verbose unlock done using C:\Users\Enthusiasmus\AppData\Roaming\npm-cache\_locks\nan-520f5086e236b667.lock for C:\Users\Enthusiasmus\AppData\Roaming\npm\node_modules\bignum\node_modules\nan
155 verbose about to build C:\Users\Enthusiasmus\AppData\Roaming\npm\node_modules\bignum
156 info build C:\Users\Enthusiasmus\AppData\Roaming\npm\node_modules\bignum
157 verbose linkStuff [ true,
157 verbose linkStuff   'C:\\Users\\Enthusiasmus\\AppData\\Roaming\\npm\\node_modules',
157 verbose linkStuff   true,
157 verbose linkStuff   'C:\\Users\\Enthusiasmus\\AppData\\Roaming\\npm\\node_modules' ]
158 info linkStuff bignum@0.9.2
159 verbose linkBins bignum@0.9.2
160 verbose linkMans bignum@0.9.2
161 verbose rebuildBundles bignum@0.9.2
162 verbose rebuildBundles [ 'nan' ]
163 info install bignum@0.9.2
164 verbose unsafe-perm in lifecycle true
165 info bignum@0.9.2 Failed to exec install script
166 verbose unlock done using C:\Users\Enthusiasmus\AppData\Roaming\npm-cache\_locks\bignum-b24138ecc6c444ea.lock for C:\Users\Enthusiasmus\AppData\Roaming\npm\node_modules\bignum
167 verbose stack Error: bignum@0.9.2 install: `node-gyp configure build`
167 verbose stack Exit status 1
167 verbose stack     at EventEmitter.<anonymous> (f:\Programme\NodeJS\node_modules\npm\lib\utils\lifecycle.js:213:16)
167 verbose stack     at EventEmitter.emit (events.js:110:17)
167 verbose stack     at ChildProcess.<anonymous> (f:\Programme\NodeJS\node_modules\npm\lib\utils\spawn.js:14:12)
167 verbose stack     at ChildProcess.emit (events.js:110:17)
167 verbose stack     at maybeClose (child_process.js:1008:16)
167 verbose stack     at Process.ChildProcess._handle.onexit (child_process.js:1080:5)
168 verbose pkgid bignum@0.9.2
169 verbose cwd f:\Projekte\Fibonacci
170 error Windows_NT 6.1.7601
171 error argv "f:\\Programme\\NodeJS\\node.exe" "f:\\Programme\\NodeJS\\node_modules\\npm\\bin\\npm-cli.js" "install" "-g" "bignum"
172 error node v0.12.1
173 error npm  v2.5.1
174 error code ELIFECYCLE
175 error bignum@0.9.2 install: `node-gyp configure build`
175 error Exit status 1
176 error Failed at the bignum@0.9.2 install script 'node-gyp configure build'.
176 error This is most likely a problem with the bignum package,
176 error not with npm itself.
176 error Tell the author that this fails on your system:
176 error     node-gyp configure build
176 error You can get their info via:
176 error     npm owner ls bignum
176 error There is likely additional logging output above.
177 verbose exit [ 1, true ]
178 verbose unbuild node_modules\bignum
179 info preuninstall bignum@0.9.2
180 info uninstall bignum@0.9.2
181 verbose unbuild rmStuff bignum@0.9.2 from C:\Users\Enthusiasmus\AppData\Roaming\npm\node_modules
182 info postuninstall bignum@0.9.2
183 verbose gentlyRm vacuuming C:\Users\Enthusiasmus\AppData\Roaming\npm\node_modules\bignum
184 silly gentlyRm purging C:\Users\Enthusiasmus\AppData\Roaming\npm\node_modules\bignum
185 silly gentlyRm quitting because other entries in C:\Users\Enthusiasmus\AppData\Roaming\npm\node_modules
